This file contains any messages produced by compilers while
running configure, to aid debugging if configure makes a mistake.

It was created by omniORBpy configure 4.2.1, which was
generated by GNU Autoconf 2.69.  Invocation command line was

  $ ./configure 

## --------- ##
## Platform. ##
## --------- ##

hostname = Amons-MacBook-Pro.local
uname -m = x86_64
uname -r = 14.0.0
uname -s = Darwin
uname -v = Darwin Kernel Version 14.0.0: Fri Sep 19 00:26:44 PDT 2014; root:xnu-2782.1.97~2/RELEASE_X86_64

/usr/bin/uname -p = i386
/bin/uname -X     = unknown

/bin/arch              = unknown
/usr/bin/arch -k       = unknown
/usr/convex/getsysinfo = unknown
/usr/bin/hostinfo      = Mach kernel version:
	 Darwin Kernel Version 14.0.0: Fri Sep 19 00:26:44 PDT 2014; root:xnu-2782.1.97~2/RELEASE_X86_64
Kernel configured for up to 4 processors.
2 processors are physically available.
4 processors are logically available.
Processor type: x86_64h (Intel x86-64h Haswell)
Processors active: 0 1 2 3
Primary memory available: 4.00 gigabytes
Default processor set: 172 tasks, 893 threads, 4 processors
Load average: 2.04, Mach factor: 1.95
/bin/machine           = unknown
/usr/bin/oslevel       = unknown
/bin/universe          = unknown

PATH: /Users/amonmoce/.rvm/gems/ruby-2.2.2/bin
PATH: /Users/amonmoce/.rvm/gems/ruby-2.2.2@global/bin
PATH: /Users/amonmoce/.rvm/rubies/ruby-2.2.2/bin
PATH: /Users/amonmoce/.rvm/bin
PATH: /usr/local/bin
PATH: /usr/local/git/bin
PATH: /usr/local/bin
PATH: /usr/bin
PATH: /bin
PATH: /usr/sbin
PATH: /sbin
PATH: /usr/local/git/bin
PATH: /usr/local/MacGPG2/bin
PATH: /Users/amonmoce/Library/Android/sdk/platform-tools


## ----------- ##
## Core tests. ##
## ----------- ##

configure:1968: checking build system type
configure:1982: result: i386-apple-darwin14.0.0
configure:2002: checking host system type
configure:2015: result: i386-apple-darwin14.0.0
configure:2086: checking for gcc
configure:2113: result: /usr/local/bin/gcc-4.9
configure:2342: checking for C compiler version
configure:2351: /usr/local/bin/gcc-4.9 --version >&5
gcc-4.9 (Homebrew gcc 4.9.1) 4.9.1
Copyright (C) 2014 Free Software Foundation, Inc.
This is free software; see the source for copying conditions.  There is NO
warranty; not even for MERCHANTABILITY or FITNESS FOR A PARTICULAR PURPOSE.

configure:2362: $? = 0
configure:2351: /usr/local/bin/gcc-4.9 -v >&5
Using built-in specs.
COLLECT_GCC=/usr/local/bin/gcc-4.9
COLLECT_LTO_WRAPPER=/usr/local/Cellar/gcc/4.9.1/libexec/gcc/x86_64-apple-darwin13.3.0/4.9.1/lto-wrapper
Target: x86_64-apple-darwin13.3.0
Configured with: ../configure --build=x86_64-apple-darwin13.3.0 --prefix=/usr/local/Cellar/gcc/4.9.1 --enable-languages=c,c++,objc,obj-c++,fortran --program-suffix=-4.9 --with-gmp=/usr/local/opt/gmp --with-mpfr=/usr/local/opt/mpfr --with-mpc=/usr/local/opt/libmpc --with-cloog=/usr/local/opt/cloog --with-isl=/usr/local/opt/isl --with-system-zlib --enable-version-specific-runtime-libs --enable-libstdcxx-time=yes --enable-stage1-checking --enable-checking=release --enable-lto --disable-werror --with-pkgversion='Homebrew gcc 4.9.1' --with-bugurl=https://github.com/Homebrew/homebrew/issues --enable-plugin --disable-nls --enable-multilib
Thread model: posix
gcc version 4.9.1 (Homebrew gcc 4.9.1) 
configure:2362: $? = 0
configure:2351: /usr/local/bin/gcc-4.9 -V >&5
gcc-4.9: error: unrecognized command line option '-V'
gcc-4.9: fatal error: no input files
compilation terminated.
configure:2362: $? = 1
configure:2351: /usr/local/bin/gcc-4.9 -qversion >&5
gcc-4.9: error: unrecognized command line option '-qversion'
gcc-4.9: fatal error: no input files
compilation terminated.
configure:2362: $? = 1
configure:2382: checking whether the C compiler works
configure:2404: /usr/local/bin/gcc-4.9    conftest.c  >&5
configure:2408: $? = 0
configure:2456: result: yes
configure:2459: checking for C compiler default output file name
configure:2461: result: a.out
configure:2467: checking for suffix of executables
configure:2474: /usr/local/bin/gcc-4.9 -o conftest    conftest.c  >&5
configure:2478: $? = 0
configure:2500: result: 
configure:2522: checking whether we are cross compiling
configure:2530: /usr/local/bin/gcc-4.9 -o conftest    conftest.c  >&5
configure:2534: $? = 0
configure:2541: ./conftest
configure:2545: $? = 0
configure:2560: result: no
configure:2565: checking for suffix of object files
configure:2587: /usr/local/bin/gcc-4.9 -c   conftest.c >&5
configure:2591: $? = 0
configure:2612: result: o
configure:2616: checking whether we are using the GNU C compiler
configure:2635: /usr/local/bin/gcc-4.9 -c   conftest.c >&5
configure:2635: $? = 0
configure:2644: result: yes
configure:2653: checking whether /usr/local/bin/gcc-4.9 accepts -g
configure:2673: /usr/local/bin/gcc-4.9 -c -g  conftest.c >&5
configure:2673: $? = 0
configure:2714: result: yes
configure:2731: checking for /usr/local/bin/gcc-4.9 option to accept ISO C89
configure:2794: /usr/local/bin/gcc-4.9  -c -g -O2  conftest.c >&5
configure:2794: $? = 0
configure:2807: result: none needed
configure:2939: checking for C++ compiler version
configure:2948: /usr/local/bin/g++-4.9 --version >&5
g++-4.9 (Homebrew gcc 4.9.1) 4.9.1
Copyright (C) 2014 Free Software Foundation, Inc.
This is free software; see the source for copying conditions.  There is NO
warranty; not even for MERCHANTABILITY or FITNESS FOR A PARTICULAR PURPOSE.

configure:2959: $? = 0
configure:2948: /usr/local/bin/g++-4.9 -v >&5
Using built-in specs.
COLLECT_GCC=/usr/local/bin/g++-4.9
COLLECT_LTO_WRAPPER=/usr/local/Cellar/gcc/4.9.1/libexec/gcc/x86_64-apple-darwin13.3.0/4.9.1/lto-wrapper
Target: x86_64-apple-darwin13.3.0
Configured with: ../configure --build=x86_64-apple-darwin13.3.0 --prefix=/usr/local/Cellar/gcc/4.9.1 --enable-languages=c,c++,objc,obj-c++,fortran --program-suffix=-4.9 --with-gmp=/usr/local/opt/gmp --with-mpfr=/usr/local/opt/mpfr --with-mpc=/usr/local/opt/libmpc --with-cloog=/usr/local/opt/cloog --with-isl=/usr/local/opt/isl --with-system-zlib --enable-version-specific-runtime-libs --enable-libstdcxx-time=yes --enable-stage1-checking --enable-checking=release --enable-lto --disable-werror --with-pkgversion='Homebrew gcc 4.9.1' --with-bugurl=https://github.com/Homebrew/homebrew/issues --enable-plugin --disable-nls --enable-multilib
Thread model: posix
gcc version 4.9.1 (Homebrew gcc 4.9.1) 
configure:2959: $? = 0
configure:2948: /usr/local/bin/g++-4.9 -V >&5
g++-4.9: error: unrecognized command line option '-V'
g++-4.9: fatal error: no input files
compilation terminated.
configure:2959: $? = 1
configure:2948: /usr/local/bin/g++-4.9 -qversion >&5
g++-4.9: error: unrecognized command line option '-qversion'
g++-4.9: fatal error: no input files
compilation terminated.
configure:2959: $? = 1
configure:2963: checking whether we are using the GNU C++ compiler
configure:2982: /usr/local/bin/g++-4.9 -c   conftest.cpp >&5
configure:2982: $? = 0
configure:2991: result: yes
configure:3000: checking whether /usr/local/bin/g++-4.9 accepts -g
configure:3020: /usr/local/bin/g++-4.9 -c -g  conftest.cpp >&5
configure:3020: $? = 0
configure:3061: result: yes
configure:3089: checking how to run the C preprocessor
configure:3159: result: /usr/local/bin/cpp-4.9
configure:3179: /usr/local/bin/cpp-4.9  conftest.c
configure:3179: $? = 0
configure:3193: /usr/local/bin/cpp-4.9  conftest.c
conftest.c:9:28: fatal error: ac_nonexistent.h: No such file or directory
 #include <ac_nonexistent.h>
                            ^
compilation terminated.
configure:3193: $? = 1
configure: failed program was:
| /* confdefs.h */
| #define PACKAGE_NAME "omniORBpy"
| #define PACKAGE_TARNAME "omniorbpy"
| #define PACKAGE_VERSION "4.2.1"
| #define PACKAGE_STRING "omniORBpy 4.2.1"
| #define PACKAGE_BUGREPORT "bugs@omniorb-support.com"
| #define PACKAGE_URL ""
| /* end confdefs.h.  */
| #include <ac_nonexistent.h>
configure:3264: checking for ranlib
configure:3280: found /usr/bin/ranlib
configure:3291: result: ranlib
configure:3327: checking for a BSD-compatible install
configure:3395: result: /usr/bin/install -c
configure:3406: checking whether make sets $(MAKE)
configure:3428: result: yes
configure:3450: checking for python
configure:3468: found /usr/local/bin/python
configure:3480: result: /usr/local/bin/python
configure:3501: checking for python version
configure:3508: result: 2.7
configure:3520: checking for python platform
configure:3527: result: darwin
configure:3553: checking for python script directory
configure:3588: result: ${prefix}/lib/python2.7/site-packages
configure:3597: checking for python extension module directory
configure:3632: result: ${exec_prefix}/lib/python2.7/site-packages
configure:3656: checking for omniORB root
configure:3680: result: /usr/local
configure:3745: checking for pkg-config
configure:3763: found /usr/local/bin/pkg-config
configure:3775: result: /usr/local/bin/pkg-config
configure:3800: checking pkg-config is at least version 0.9.0
configure:3803: result: yes
configure:3811: checking for OpenSSL root
configure:3826: result: no
configure:3983: checking for compress2 in -lz
configure:4008: /usr/local/bin/g++-4.9 -o conftest -g -O2   conftest.cpp -lz   >&5
configure:4008: $? = 0
configure:4017: result: yes
configure:4037: checking for omkdepend
configure:4055: found /usr/local/bin/omkdepend
configure:4067: result: /usr/local/bin/omkdepend
configure:4083: checking for omkdirhier
configure:4101: found /Users/amonmoce/Documents/SOA_Class/CORBA/python/omniORBpy-4.2.1/bin/scripts/omkdirhier
configure:4113: result: /Users/amonmoce/Documents/SOA_Class/CORBA/python/omniORBpy-4.2.1/bin/scripts/omkdirhier
configure:4384: creating ./config.status

## ---------------------- ##
## Running config.status. ##
## ---------------------- ##

This file was extended by omniORBpy config.status 4.2.1, which was
generated by GNU Autoconf 2.69.  Invocation command line was

  CONFIG_FILES    = 
  CONFIG_HEADERS  = 
  CONFIG_LINKS    = 
  CONFIG_COMMANDS = 
  $ ./config.status 

on Amons-MacBook-Pro.local

config.status:782: creating mk/beforeauto.mk
config.status:885: WARNING:  'mk/beforeauto.mk.in' seems to ignore the --datarootdir setting
config.status:782: creating mk/afterauto.mk
config.status:782: creating GNUmakefile
config.status:782: creating examples/embed/GNUmakefile
config.status:782: creating modules/GNUmakefile
config.status:782: creating modules/codesets/GNUmakefile
config.status:782: creating modules/sslTP/GNUmakefile
config.status:782: creating modules/connections/GNUmakefile
config.status:782: creating modules/ziop/GNUmakefile
config.status:782: creating python/GNUmakefile
config.status:782: creating python/omniidl_be/GNUmakefile
config.status:782: creating python/COS/GNUmakefile
config.status:782: creating python/omniORB/GNUmakefile
config.status:782: creating python3/GNUmakefile
config.status:782: creating python3/omniidl_be/GNUmakefile
config.status:782: creating python3/COS/GNUmakefile
config.status:782: creating python3/omniORB/GNUmakefile
config.status:782: creating include/GNUmakefile

## ---------------- ##
## Cache variables. ##
## ---------------- ##

ac_cv_build=i386-apple-darwin14.0.0
ac_cv_c_compiler_gnu=yes
ac_cv_cxx_compiler_gnu=yes
ac_cv_env_CCC_set=
ac_cv_env_CCC_value=
ac_cv_env_CC_set=set
ac_cv_env_CC_value=/usr/local/bin/gcc-4.9
ac_cv_env_CFLAGS_set=
ac_cv_env_CFLAGS_value=
ac_cv_env_CPPFLAGS_set=
ac_cv_env_CPPFLAGS_value=
ac_cv_env_CPP_set=set
ac_cv_env_CPP_value=/usr/local/bin/cpp-4.9
ac_cv_env_CXXFLAGS_set=
ac_cv_env_CXXFLAGS_value=
ac_cv_env_CXX_set=set
ac_cv_env_CXX_value=/usr/local/bin/g++-4.9
ac_cv_env_LDFLAGS_set=
ac_cv_env_LDFLAGS_value=
ac_cv_env_LIBS_set=
ac_cv_env_LIBS_value=
ac_cv_env_OPENSSL_CFLAGS_set=
ac_cv_env_OPENSSL_CFLAGS_value=
ac_cv_env_OPENSSL_LIBS_set=
ac_cv_env_OPENSSL_LIBS_value=
ac_cv_env_PKG_CONFIG_LIBDIR_set=
ac_cv_env_PKG_CONFIG_LIBDIR_value=
ac_cv_env_PKG_CONFIG_PATH_set=
ac_cv_env_PKG_CONFIG_PATH_value=
ac_cv_env_PKG_CONFIG_set=
ac_cv_env_PKG_CONFIG_value=
ac_cv_env_PYTHON_set=
ac_cv_env_PYTHON_value=
ac_cv_env_build_alias_set=
ac_cv_env_build_alias_value=
ac_cv_env_host_alias_set=
ac_cv_env_host_alias_value=
ac_cv_env_target_alias_set=
ac_cv_env_target_alias_value=
ac_cv_host=i386-apple-darwin14.0.0
ac_cv_lib_z_compress2=yes
ac_cv_objext=o
ac_cv_path_MKDIRHIER=/Users/amonmoce/Documents/SOA_Class/CORBA/python/omniORBpy-4.2.1/bin/scripts/omkdirhier
ac_cv_path_OMKDEPEND=/usr/local/bin/omkdepend
ac_cv_path_PYTHON=/usr/local/bin/python
ac_cv_path_ac_pt_PKG_CONFIG=/usr/local/bin/pkg-config
ac_cv_path_install='/usr/bin/install -c'
ac_cv_prog_CPP=/usr/local/bin/cpp-4.9
ac_cv_prog_ac_ct_CC=/usr/local/bin/gcc-4.9
ac_cv_prog_ac_ct_RANLIB=ranlib
ac_cv_prog_cc_c89=
ac_cv_prog_cc_g=yes
ac_cv_prog_cxx_g=yes
ac_cv_prog_make_make_set=yes
am_cv_python_platform=darwin
am_cv_python_pyexecdir='${exec_prefix}/lib/python2.7/site-packages'
am_cv_python_pythondir='${prefix}/lib/python2.7/site-packages'
am_cv_python_version=2.7
omni_cv_enable_ziop=yes
omni_cv_omniorb_root=/usr/local
omni_cv_openssl_root=no

## ----------------- ##
## Output variables. ##
## ----------------- ##

CC='/usr/local/bin/gcc-4.9'
CFLAGS='-g -O2'
COMPILER_NAME='Compiler_GCC'
CPP='/usr/local/bin/cpp-4.9'
CPPFLAGS=''
CXX='/usr/local/bin/g++-4.9'
CXXFLAGS='-g -O2'
DEFS='-DPACKAGE_NAME=\"omniORBpy\" -DPACKAGE_TARNAME=\"omniorbpy\" -DPACKAGE_VERSION=\"4.2.1\" -DPACKAGE_STRING=\"omniORBpy\ 4.2.1\" -DPACKAGE_BUGREPORT=\"bugs@omniorb-support.com\" -DPACKAGE_URL=\"\"'
ECHO_C='\c'
ECHO_N=''
ECHO_T=''
ENABLE_ZIOP='yes'
EXEEXT=''
EXTRA_GCC_CXXFLAGS=''
INSTALL_DATA='${INSTALL} -m 644'
INSTALL_PROGRAM='${INSTALL}'
INSTALL_SCRIPT='${INSTALL}'
LDFLAGS=''
LIBOBJS=''
LIBS=''
LTLIBOBJS=''
MKDIRHIER='/Users/amonmoce/Documents/SOA_Class/CORBA/python/omniORBpy-4.2.1/bin/scripts/omkdirhier'
OBJEXT='o'
OMKDEPEND='/usr/local/bin/omkdepend'
OMNIORB_ROOT='/usr/local'
OPENSSL_CFLAGS=''
OPENSSL_LIBS=''
OPEN_SSL_CPPFLAGS=''
OPEN_SSL_LIB=''
OPEN_SSL_ROOT=''
OSVERSION='1'
PACKAGE_BUGREPORT='bugs@omniorb-support.com'
PACKAGE_NAME='omniORBpy'
PACKAGE_STRING='omniORBpy 4.2.1'
PACKAGE_TARNAME='omniorbpy'
PACKAGE_URL=''
PACKAGE_VERSION='4.2.1'
PATH_SEPARATOR=':'
PKG_CONFIG='/usr/local/bin/pkg-config'
PKG_CONFIG_LIBDIR=''
PKG_CONFIG_PATH=''
PLATFORM_DEFINE='__darwin__'
PLATFORM_NAME='Darwin'
PROCESSOR_DEFINE='__x86__'
PROCESSOR_NAME='x86Processor'
PYTHON='/usr/local/bin/python'
PYTHON_EXEC_PREFIX='${exec_prefix}'
PYTHON_PLATFORM='darwin'
PYTHON_PREFIX='${prefix}'
PYTHON_VERSION='2.7'
RANLIB='ranlib'
SET_MAKE=''
SHELL='/bin/sh'
ac_ct_CC='/usr/local/bin/gcc-4.9'
ac_ct_CXX=''
bindir='${exec_prefix}/bin'
build='i386-apple-darwin14.0.0'
build_alias=''
build_cpu='i386'
build_os='darwin14.0.0'
build_vendor='apple'
datadir='${datarootdir}'
datarootdir='${prefix}/share'
docdir='${datarootdir}/doc/${PACKAGE_TARNAME}'
dvidir='${docdir}'
exec_prefix='${prefix}'
host='i386-apple-darwin14.0.0'
host_alias=''
host_cpu='i386'
host_os='darwin14.0.0'
host_vendor='apple'
htmldir='${docdir}'
includedir='${prefix}/include'
infodir='${datarootdir}/info'
libdir='${exec_prefix}/lib'
libexecdir='${exec_prefix}/libexec'
localedir='${datarootdir}/locale'
localstatedir='${prefix}/var'
mandir='${datarootdir}/man'
oldincludedir='/usr/include'
pdfdir='${docdir}'
pkgpyexecdir='${pyexecdir}/'
pkgpythondir='${pythondir}/'
prefix='/usr/local'
program_transform_name='s,x,x,'
psdir='${docdir}'
pyexecdir='${exec_prefix}/lib/python2.7/site-packages'
pythondir='${prefix}/lib/python2.7/site-packages'
sbindir='${exec_prefix}/sbin'
sharedstatedir='${prefix}/com'
sysconfdir='${prefix}/etc'
target_alias=''

## ----------- ##
## confdefs.h. ##
## ----------- ##

/* confdefs.h */
#define PACKAGE_NAME "omniORBpy"
#define PACKAGE_TARNAME "omniorbpy"
#define PACKAGE_VERSION "4.2.1"
#define PACKAGE_STRING "omniORBpy 4.2.1"
#define PACKAGE_BUGREPORT "bugs@omniorb-support.com"
#define PACKAGE_URL ""

configure: exit 0
